apiVersion: apps/v1
kind: Deployment
metadata:
  annotations:
    deployment.kubernetes.io/revision: "1"
  creationTimestamp: "2022-10-16T05:26:46Z"
  generation: 1
  labels:
    aiedge/component: ""
    aiedge/edge: edge2
    app: stream-transfer-edge2
  managedFields:
  - apiVersion: apps/v1
    fieldsType: FieldsV1
    fieldsV1:
      f:metadata:
        f:labels:
          .: {}
          f:aiedge/component: {}
          f:aiedge/edge: {}
          f:app: {}
      f:spec:
        f:progressDeadlineSeconds: {}
        f:replicas: {}
        f:revisionHistoryLimit: {}
        f:selector: {}
        f:strategy:
          f:rollingUpdate:
            .: {}
            f:maxSurge: {}
            f:maxUnavailable: {}
          f:type: {}
        f:template:
          f:metadata:
            f:labels:
              .: {}
              f:app: {}
          f:spec:
            f:affinity:
              .: {}
              f:nodeAffinity:
                .: {}
                f:requiredDuringSchedulingIgnoredDuringExecution:
                  .: {}
                  f:nodeSelectorTerms: {}
            f:containers:
              k:{"name":"stream-transfer-edge2"}:
                .: {}
                f:env:
                  .: {}
                  k:{"name":"hostIP"}:
                    .: {}
                    f:name: {}
                    f:valueFrom:
                      .: {}
                      f:fieldRef:
                        .: {}
                        f:apiVersion: {}
                        f:fieldPath: {}
                f:image: {}
                f:imagePullPolicy: {}
                f:name: {}
                f:resources: {}
                f:terminationMessagePath: {}
                f:terminationMessagePolicy: {}
                f:volumeMounts:
                  .: {}
                  k:{"mountPath":"/app/conf/config.json"}:
                    .: {}
                    f:mountPath: {}
                    f:name: {}
                    f:subPath: {}
            f:dnsPolicy: {}
            f:imagePullSecrets:
              .: {}
              k:{"name":"registry-pull-secret"}:
                .: {}
                f:name: {}
            f:initContainers:
              .: {}
              k:{"name":"wait-aiedge-auth"}:
                .: {}
                f:command: {}
                f:image: {}
                f:imagePullPolicy: {}
                f:name: {}
                f:resources: {}
                f:terminationMessagePath: {}
                f:terminationMessagePolicy: {}
            f:restartPolicy: {}
            f:schedulerName: {}
            f:securityContext: {}
            f:terminationGracePeriodSeconds: {}
            f:volumes:
              .: {}
              k:{"name":"stream-transfer-volume-edge2"}:
                .: {}
                f:configMap:
                  .: {}
                  f:defaultMode: {}
                  f:name: {}
                f:name: {}
    manager: main
    operation: Update
    time: "2022-10-16T05:26:46Z"
  - apiVersion: apps/v1
    fieldsType: FieldsV1
    fieldsV1:
      f:metadata:
        f:annotations:
          .: {}
          f:deployment.kubernetes.io/revision: {}
      f:status:
        f:conditions:
          .: {}
          k:{"type":"Available"}:
            .: {}
            f:lastTransitionTime: {}
            f:lastUpdateTime: {}
            f:message: {}
            f:reason: {}
            f:status: {}
            f:type: {}
          k:{"type":"Progressing"}:
            .: {}
            f:lastTransitionTime: {}
            f:lastUpdateTime: {}
            f:message: {}
            f:reason: {}
            f:status: {}
            f:type: {}
        f:observedGeneration: {}
        f:replicas: {}
        f:unavailableReplicas: {}
        f:updatedReplicas: {}
    manager: kube-controller-manager
    operation: Update
    time: "2022-10-16T05:26:47Z"
  name: stream-transfer-deployment-edge2
  namespace: aiedge
  resourceVersion: "7642"
  uid: d041825b-e090-4634-ac35-2840497af64a
spec:
  progressDeadlineSeconds: 600
  replicas: 1
  revisionHistoryLimit: 10
  selector:
    matchLabels:
      app: stream-transfer-edge2
  strategy:
    rollingUpdate:
      maxSurge: 25%
      maxUnavailable: 25%
    type: RollingUpdate
  template:
    metadata:
      creationTimestamp: null
      labels:
        app: stream-transfer-edge2
    spec:
      affinity:
        nodeAffinity:
          requiredDuringSchedulingIgnoredDuringExecution:
            nodeSelectorTerms:
            - matchExpressions:
              - key: aiedge/edge
                operator: In
                values:
                - edge2
              - key: kubernetes.io/arch
                operator: In
                values:
                - amd64
      containers:
      - env:
        - name: hostIP
          valueFrom:
            fieldRef:
              apiVersion: v1
              fieldPath: status.hostIP
        image: registry.aiedge.ndsl-lab.cn/aiedge/stream-transfer:v2.0
        imagePullPolicy: Always
        name: stream-transfer-edge2
        resources: {}
        terminationMessagePath: /dev/termination-log
        terminationMessagePolicy: File
        volumeMounts:
        - mountPath: /app/conf/config.json
          name: stream-transfer-volume-edge2
          subPath: config.json
      dnsPolicy: ClusterFirst
      imagePullSecrets:
      - name: registry-pull-secret
      initContainers:
      - command:
        - sh
        - -c
        - until curl http://192.168.20.221:30100 -m 2; do echo waiting for auth; sleep
          2; done;
        image: registry.aiedge.ndsl-lab.cn/busybox-curl
        imagePullPolicy: Always
        name: wait-aiedge-auth
        resources: {}
        terminationMessagePath: /dev/termination-log
        terminationMessagePolicy: File
      restartPolicy: Always
      schedulerName: default-scheduler
      securityContext: {}
      terminationGracePeriodSeconds: 30
      volumes:
      - configMap:
          defaultMode: 420
          name: stream-transfer-cm-edge2
        name: stream-transfer-volume-edge2
status:
  conditions:
  - lastTransitionTime: "2022-10-16T05:26:47Z"
    lastUpdateTime: "2022-10-16T05:26:47Z"
    message: Deployment does not have minimum availability.
    reason: MinimumReplicasUnavailable
    status: "False"
    type: Available
  - lastTransitionTime: "2022-10-16T05:36:47Z"
    lastUpdateTime: "2022-10-16T05:36:47Z"
    message: ReplicaSet "stream-transfer-deployment-edge2-74f955b7f5" has timed out
      progressing.
    reason: ProgressDeadlineExceeded
    status: "False"
    type: Progressing
  observedGeneration: 1
  replicas: 1
  unavailableReplicas: 1
  updatedReplicas: 1

  {
  "base": {
    "masterIP": "192.168.20.220",
    "workerIP": "192.168.20.220",
    "imageRegistry": "registry.aiedge.ndsl-lab.cn",
    "imageServer": "192.168.20.5:8058"
  },
  "edges": [
    {
      "subnetName": "edge1",
      "baseArch": "amd64",
      "nodes": [
        {
          "name": "zqd-edge222"
        },
        {
          "name": "zqd-edge223"
        },
      ]
    },
    {
      "subnetName": "edge2",
      "baseArch": "amd64",
      "nodes": [
        {
          "name": "zqd-edge224"
        }
      ]
    }
  ]
}%